-----------------------------------------------------------------------------------------------------------
      name:  <unnamed>
       log:  F:\GitHub\LaborIIreplicatation\Log\Census Analysis.log
  log type:  text
 opened on:  16 Dec 2019, 12:24:44

. 
. ********************************************************************************
. ************** Open Census Data, Creat Population Change Measures **************
. ********************************************************************************
. 
. use "$datadir\working_data\censuspop7010.dta", clear

. rename cz90 czone

. 
. *Creating 1990 CZ population weights for regressions
. foreach x of varlist cz_pop_1564 cz_pop_1534  {
  2. gen weight_`x'_90 = `x' if year == 1990
  3. egen min_weight_`x'_90 = min(weight_`x'_90), by(czone)
  4. drop weight_`x'_90
  5. rename min_weight_`x'_90 weight_`x'_90
  6. }
(2,223 missing values generated)
(2,223 missing values generated)

. 
. *Creating demographic shares
. gen hispanic_share = cz_pop_his/cz_pop

. gen black_share = cz_pop_black/cz_pop

. gen under25_share = cz_pop_under25/cz_pop

. gen amind_share = cz_pop_amind/cz_pop

. gen asian_share = cz_pop_asian/cz_pop

. 
. xtset czone year, delta(10)
       panel variable:  czone (strongly balanced)
        time variable:  year, 1980 to 2010
                delta:  10 units

. *Creating 10-year contemporaneous and lagged changes in each age group
. foreach x of varlist cz_pop_1564 cz_pop_1534 {
  2. replace `x' = ln(`x')
  3. 
. *10 year changes in log population
. gen l10_`x' = l.`x'
  4. gen `x'_10_change = `x' - l10_`x'
  5. drop l10_`x'
  6. 
. *10 year changes in log population, lagged 10 years. 
. *That is, for 2000-2010 this will be the 1990-2000 change in log population
. *For 1990-2000, this will be the 1980-1990 change
. gen l10_`x'_10_change = l.`x'_10_change
  7. }
(2,964 real changes made)
(741 missing values generated)
(741 missing values generated)
(1,482 missing values generated)
(2,964 real changes made)
(741 missing values generated)
(741 missing values generated)
(1,482 missing values generated)

. 
. 
. ********************************************************************************
. *Demographic Controls***********************************************************
. ********************************************************************************
. local demo_controls = "hispanic_share under25_share black_share amind_share asian_share"

. *We fix Census demographic shares in 1990, and allow for the effect to operate post-2000
. *"move 1990 value to 2010 value"
. foreach x of varlist `demo_controls' {
  2. replace `x' = 0 if year != 1990
  3. egen max_`x' = max(`x'), by(czone)
  4. replace `x' = max_`x'
  5. drop max_`x'
  6. replace `x' = 0 if year!= 2010
  7. }
(2,223 real changes made)
(2,223 real changes made)
(2,223 real changes made)
(2,223 real changes made)
(2,223 real changes made)
(2,223 real changes made)
(2,215 real changes made)
(2,211 real changes made)
(2,211 real changes made)
(2,222 real changes made)
(2,220 real changes made)
(2,220 real changes made)
(2,223 real changes made)
(2,223 real changes made)
(2,223 real changes made)

. 
. ********************************************************************************
. *Merge to NTR Gap Measures******************************************************
. ********************************************************************************
. merge m:1 czone using "$datadir\REStat\NTR Gap.dta"

    Result                           # of obs.
    -----------------------------------------
    not matched                            72
        from master                        72  (_merge==1)
        from using                          0  (_merge==2)

    matched                             2,892  (_merge==3)
    -----------------------------------------

. keep if _merge == 3
(72 observations deleted)

. drop _merge

. 
. ********************************************************************************
. *Merging to  CZ Controls********************************************************
. *All of the following are fixed at a given point in time, usually 1990**********
. ********************************************************************************
. merge m:1 czone using "$datadir\REStat\1990 CZ Controls.dta"

    Result                           # of obs.
    -----------------------------------------
    not matched                             4
        from master                         4  (_merge==1)
        from using                          0  (_merge==2)

    matched                             2,888  (_merge==3)
    -----------------------------------------

. keep if _merge == 3
(4 observations deleted)

. drop _merge

. 
. *All of the trade measures and controls turn on for 2000-2010 
. foreach x of varlist ntr_gap ntr_kovak cap_labor skill_int fem_lf_share l_sh_popedu_c l_sh_routine33 l_ta
> sk_outsource debt_to_income break_estimate mfg_share neighbor_fx l_sh_popfborn {
  2. replace `x' = 0 if year != 2010
  3. }
(2,163 real changes made)
(2,163 real changes made)
(2,166 real changes made)
(2,166 real changes made)
(2,166 real changes made)
(2,166 real changes made)
(2,166 real changes made)
(2,166 real changes made)
(2,166 real changes made)
(2,166 real changes made)
(2,166 real changes made)
(2,166 real changes made)
(2,166 real changes made)

. 
. ********************************************************************************
. *Create region-year dummy variables*********************************************
. ********************************************************************************
. *Creating a Census region dummy for New England, which is omitted 
. gen reg_newe = 0

. replace reg_newe = 1 if (reg_midatl + reg_encen + reg_wncen + reg_satl + reg_escen + reg_wscen + reg_moun
> t + reg_pacif) == 0
(64 real changes made)

. 
. tab year, gen(yeardum)

       year |      Freq.     Percent        Cum.
------------+-----------------------------------
       1980 |        722       25.00       25.00
       1990 |        722       25.00       50.00
       2000 |        722       25.00       75.00
       2010 |        722       25.00      100.00
------------+-----------------------------------
      Total |      2,888      100.00

. foreach x of varlist reg_midatl reg_encen reg_wncen reg_satl reg_escen reg_wscen reg_mount reg_pacif {
  2.         forvalues y = 3/4 {
  3.                 gen reg_year_`x'_`y' = `x'*yeardum`y'
  4.                 }
  5.         }

.         
. *Label variables
. lab var ntr_gap "NTR Gap"

. lab var debt_to_income "Debt to Income"

. lab var break_estimate "HPI Break"

. lab var neighbor_fx "Neighbor CZ Effect"

. lab var l_sh_routine33 "Routineness"

. lab var l_task_outsource "Offshorability"

. lab var cap_labor "Capital-Labor Ratio"

. lab var skill_int "Skill Intensity"

. lab var fem_lf_share "Female Labor Force Share"

. lab var l_sh_popedu_c  "College Educated Share"

. lab var under25_share "Under 25 Share "

. lab var hispanic_share "Hispanic Share"

. lab var black_share "Black Share"

. lab var amind_share "American Indian Share"

. lab var asian_share "Asian Share"

. lab var l10_cz_pop_1564_10_change "Lag 15-64 Change"

. lab var l10_cz_pop_1534_10_change "Lag 15-34 Change"

. lab var cz_pop_1564_10_change "Change in Log Population, 15-64"

. lab var cz_pop_1534_10_change "Change in Log Population, 15-34"

. 
. 
. ********************************************************************************
. *Table 1 (a) *******************************************************************
. ********************************************************************************
. eststo clear

. eststo: reg cz_pop_1564_10_change ntr_gap l10_cz_pop_1564_10_change yeardum* reg_year_* [aw = weight_cz_p
> op_1564_90] if year == 2000 | year == 2010, cluster(czone)
(sum of wgt is 324,938,117.95715)
note: yeardum1 omitted because of collinearity
note: yeardum2 omitted because of collinearity
note: yeardum4 omitted because of collinearity

Linear regression                               Number of obs     =      1,444
                                                F(19, 721)        =     100.98
                                                Prob > F          =     0.0000
                                                R-squared         =     0.6781
                                                Root MSE          =     .04985

                                             (Std. Err. adjusted for 722 clusters in czone)
-------------------------------------------------------------------------------------------
                          |               Robust
    cz_pop_1564_10_change |      Coef.   Std. Err.      t    P>|t|     [95% Conf. Interval]
--------------------------+----------------------------------------------------------------
                  ntr_gap |  -.1859448   .0978287    -1.90   0.058    -.3780079    .0061184
l10_cz_pop_1564_10_change |   .5521766   .0370491    14.90   0.000     .4794395    .6249136
                 yeardum1 |          0  (omitted)
                 yeardum2 |          0  (omitted)
                 yeardum3 |    -.05371   .0157395    -3.41   0.001    -.0846107   -.0228093
                 yeardum4 |          0  (omitted)
    reg_year_reg_midatl_3 |   .0351636   .0092949     3.78   0.000     .0169152    .0534119
    reg_year_reg_midatl_4 |  -.0114213   .0120313    -0.95   0.343    -.0350419    .0121994
     reg_year_reg_encen_3 |   .0796951   .0093742     8.50   0.000      .061291    .0980991
     reg_year_reg_encen_4 |  -.0423296   .0101163    -4.18   0.000    -.0621906   -.0224686
     reg_year_reg_wncen_3 |   .0971594   .0114222     8.51   0.000     .0747346    .1195842
     reg_year_reg_wncen_4 |  -.0260316   .0098561    -2.64   0.008    -.0453816   -.0066815
      reg_year_reg_satl_3 |    .074236   .0125683     5.91   0.000     .0495611    .0989108
      reg_year_reg_satl_4 |   .0127387   .0117722     1.08   0.280    -.0103732    .0358505
     reg_year_reg_escen_3 |   .1050048   .0087502    12.00   0.000     .0878259    .1221837
     reg_year_reg_escen_4 |  -.0267033   .0115667    -2.31   0.021    -.0494118   -.0039949
     reg_year_reg_wscen_3 |   .1091471   .0097048    11.25   0.000     .0900941       .1282
     reg_year_reg_wscen_4 |  -.0093641   .0243126    -0.39   0.700     -.057096    .0383678
     reg_year_reg_mount_3 |   .2071514    .014627    14.16   0.000     .1784348    .2358681
     reg_year_reg_mount_4 |  -.0268849   .0153674    -1.75   0.081    -.0570551    .0032853
     reg_year_reg_pacif_3 |   .0304187   .0262421     1.16   0.247    -.0211014    .0819389
     reg_year_reg_pacif_4 |   .0045578   .0177124     0.26   0.797    -.0302162    .0393318
                    _cons |   .0525829   .0110455     4.76   0.000     .0308977    .0742682
-------------------------------------------------------------------------------------------
(est1 stored)

. estadd local YFE "Y"

added macro:
                e(YFE) : "Y"

. eststo: reg cz_pop_1564_10_change ntr_gap l10_cz_pop_1564_10_change `demo_controls' yeardum* reg_year_*[a
> w = weight_cz_pop_1564_90] if year == 2000 | year == 2010, cluster(czone)
(sum of wgt is 324,938,117.95715)
note: yeardum1 omitted because of collinearity
note: yeardum2 omitted because of collinearity
note: yeardum4 omitted because of collinearity

Linear regression                               Number of obs     =      1,444
                                                F(24, 721)        =      77.51
                                                Prob > F          =     0.0000
                                                R-squared         =     0.6928
                                                Root MSE          =     .04878

                                             (Std. Err. adjusted for 722 clusters in czone)
-------------------------------------------------------------------------------------------
                          |               Robust
    cz_pop_1564_10_change |      Coef.   Std. Err.      t    P>|t|     [95% Conf. Interval]
--------------------------+----------------------------------------------------------------
                  ntr_gap |  -.2511759   .0808847    -3.11   0.002    -.4099736   -.0923783
l10_cz_pop_1564_10_change |   .5446758   .0338801    16.08   0.000     .4781604    .6111913
           hispanic_share |   .0827714   .0456924     1.81   0.070    -.0069347    .1724774
            under25_share |     .33553   .1144769     2.93   0.003     .1107821    .5602778
              black_share |  -.1166504   .0669096    -1.74   0.082    -.2480113    .0147105
              amind_share |  -.2061057   .0563019    -3.66   0.000     -.316641   -.0955705
              asian_share |   .0581059   .2367289     0.25   0.806    -.4066544    .5228662
                 yeardum1 |          0  (omitted)
                 yeardum2 |          0  (omitted)
                 yeardum3 |   .0555214   .0443091     1.25   0.211    -.0314688    .1425117
                 yeardum4 |          0  (omitted)
    reg_year_reg_midatl_3 |   .0347499   .0092822     3.74   0.000     .0165265    .0529732
    reg_year_reg_midatl_4 |  -.0048667   .0135167    -0.36   0.719    -.0314035    .0216701
     reg_year_reg_encen_3 |   .0791189    .009389     8.43   0.000     .0606857     .097552
     reg_year_reg_encen_4 |   -.040747   .0117314    -3.47   0.001    -.0637788   -.0177152
     reg_year_reg_wncen_3 |   .0967179   .0113646     8.51   0.000     .0744062    .1190296
     reg_year_reg_wncen_4 |  -.0285345   .0120497    -2.37   0.018    -.0521911   -.0048779
      reg_year_reg_satl_3 |     .07495   .0125032     5.99   0.000     .0504029     .099497
      reg_year_reg_satl_4 |   .0298766   .0167483     1.78   0.075    -.0030046    .0627579
     reg_year_reg_escen_3 |   .1047753   .0087801    11.93   0.000     .0875376    .1220129
     reg_year_reg_escen_4 |  -.0128697   .0159515    -0.81   0.420    -.0441866    .0184472
     reg_year_reg_wscen_3 |   .1095296   .0097445    11.24   0.000     .0903986    .1286605
     reg_year_reg_wscen_4 |  -.0216815   .0227178    -0.95   0.340    -.0662824    .0229195
     reg_year_reg_mount_3 |   .2078749   .0145507    14.29   0.000      .179308    .2364417
     reg_year_reg_mount_4 |  -.0440007   .0176202    -2.50   0.013    -.0785937   -.0094076
     reg_year_reg_pacif_3 |   .0313241   .0263143     1.19   0.234    -.0203376    .0829859
     reg_year_reg_pacif_4 |  -.0182182   .0179082    -1.02   0.309    -.0533767    .0169402
                    _cons |  -.0560629   .0423499    -1.32   0.186    -.1392068    .0270809
-------------------------------------------------------------------------------------------
(est2 stored)

. estadd local YFE "Y"

added macro:
                e(YFE) : "Y"

. eststo: reg cz_pop_1564_10_change ntr_gap l10_cz_pop_1564_10_change `demo_controls' neighbor_fx l_sh_rout
> ine33 l_task_outsource cap_labor skill_int fem_lf_share l_sh_popedu_c yeardum* reg_year_* [aw = weight_cz
> _pop_1564_90] if year == 2000 | year == 2010, cluster(czone)
(sum of wgt is 324,938,117.95715)
note: yeardum1 omitted because of collinearity
note: yeardum2 omitted because of collinearity
note: yeardum4 omitted because of collinearity

Linear regression                               Number of obs     =      1,444
                                                F(31, 721)        =      77.83
                                                Prob > F          =     0.0000
                                                R-squared         =     0.7078
                                                Root MSE          =     .04769

                                             (Std. Err. adjusted for 722 clusters in czone)
-------------------------------------------------------------------------------------------
                          |               Robust
    cz_pop_1564_10_change |      Coef.   Std. Err.      t    P>|t|     [95% Conf. Interval]
--------------------------+----------------------------------------------------------------
                  ntr_gap |  -.1904142   .1431101    -1.33   0.184    -.4713765    .0905482
l10_cz_pop_1564_10_change |   .5243849    .034786    15.07   0.000      .456091    .5926787
           hispanic_share |   .0669859   .0474091     1.41   0.158    -.0260905    .1600624
            under25_share |   .4124503   .1178162     3.50   0.000     .1811465    .6437541
              black_share |  -.1504587   .0539467    -2.79   0.005      -.25637   -.0445473
              amind_share |  -.1079279    .064283    -1.68   0.094    -.2341322    .0182763
              asian_share |  -.4839615   .1735889    -2.79   0.005    -.8247616   -.1431613
              neighbor_fx |   .0826567    .304925     0.27   0.786    -.5159903    .6813037
           l_sh_routine33 |   .0035078    .001765     1.99   0.047     .0000425     .006973
         l_task_outsource |    .014827   .0133123     1.11   0.266    -.0113085    .0409624
                cap_labor |   .0004378   .0128284     0.03   0.973    -.0247476    .0256232
                skill_int |     .09619   .0594591     1.62   0.106    -.0205437    .2129237
             fem_lf_share |   -.374144   .2927777    -1.28   0.202    -.9489426    .2006546
            l_sh_popedu_c |   .0008495   .0008945     0.95   0.343    -.0009066    .0026055
                 yeardum1 |          0  (omitted)
                 yeardum2 |          0  (omitted)
                 yeardum3 |   .1045194   .1619634     0.65   0.519    -.2134569    .4224957
                 yeardum4 |          0  (omitted)
    reg_year_reg_midatl_3 |   .0336307   .0094215     3.57   0.000     .0151339    .0521275
    reg_year_reg_midatl_4 |   .0059131   .0126651     0.47   0.641    -.0189517    .0307779
     reg_year_reg_encen_3 |   .0775602   .0095173     8.15   0.000     .0588754     .096245
     reg_year_reg_encen_4 |  -.0376732   .0123966    -3.04   0.002     -.062011   -.0133355
     reg_year_reg_wncen_3 |   .0955235   .0112853     8.46   0.000     .0733676    .1176795
     reg_year_reg_wncen_4 |  -.0214343   .0101338    -2.12   0.035    -.0413296    -.001539
      reg_year_reg_satl_3 |   .0768815   .0126381     6.08   0.000     .0520696    .1016935
      reg_year_reg_satl_4 |   .0479044   .0161061     2.97   0.003      .016284    .0795247
     reg_year_reg_escen_3 |   .1041544    .008911    11.69   0.000     .0866597    .1216491
     reg_year_reg_escen_4 |   .0070974   .0176023     0.40   0.687    -.0274605    .0416552
     reg_year_reg_wscen_3 |   .1105643   .0098737    11.20   0.000     .0911795     .129949
     reg_year_reg_wscen_4 |  -.0085953   .0186066    -0.46   0.644    -.0451249    .0279342
     reg_year_reg_mount_3 |   .2098319    .014488    14.48   0.000     .1813881    .2382757
     reg_year_reg_mount_4 |  -.0426831   .0188512    -2.26   0.024    -.0796929   -.0056733
     reg_year_reg_pacif_3 |   .0337735   .0262652     1.29   0.199    -.0177919    .0853388
     reg_year_reg_pacif_4 |   .0092603   .0209714     0.44   0.659     -.031912    .0504326
                    _cons |  -.1034768   .1602939    -0.65   0.519    -.4181754    .2112217
-------------------------------------------------------------------------------------------
(est3 stored)

. estadd local YFE "Y"

added macro:
                e(YFE) : "Y"

. eststo: reg cz_pop_1564_10_change ntr_gap l10_cz_pop_1564_10_change `demo_controls' debt_to_income break_
> estimate  neighbor_fx l_sh_routine33 l_task_outsource cap_labor skill_int fem_lf_share l_sh_popedu_c year
> dum* reg_year_* [aw = weight_cz_pop_1564_90] if year == 2000 | year == 2010, cluster(czone)
(sum of wgt is 323,973,988.53961)
note: yeardum1 omitted because of collinearity
note: yeardum2 omitted because of collinearity
note: yeardum4 omitted because of collinearity

Linear regression                               Number of obs     =      1,322
                                                F(33, 721)        =      78.75
                                                Prob > F          =     0.0000
                                                R-squared         =     0.7107
                                                Root MSE          =      .0475

                                             (Std. Err. adjusted for 722 clusters in czone)
-------------------------------------------------------------------------------------------
                          |               Robust
    cz_pop_1564_10_change |      Coef.   Std. Err.      t    P>|t|     [95% Conf. Interval]
--------------------------+----------------------------------------------------------------
                  ntr_gap |  -.1862631   .1350347    -1.38   0.168    -.4513713    .0788452
l10_cz_pop_1564_10_change |   .5186863   .0374181    13.86   0.000     .4452247    .5921478
           hispanic_share |   .0617565   .0509056     1.21   0.225    -.0381844    .1616975
            under25_share |   .4218758   .1247091     3.38   0.001     .1770395    .6667122
              black_share |  -.1564209   .0503386    -3.11   0.002    -.2552487   -.0575931
              amind_share |  -.1133574   .0640956    -1.77   0.077    -.2391938    .0124789
              asian_share |  -.4785689   .1693143    -2.83   0.005    -.8109769   -.1461609
           debt_to_income |   .0177904   .0305807     0.58   0.561    -.0422475    .0778283
           break_estimate |   .1442416   .0618161     2.33   0.020     .0228805    .2656027
              neighbor_fx |   .2538767   .2879178     0.88   0.378    -.3113807    .8191341
           l_sh_routine33 |   .0032393   .0018268     1.77   0.077    -.0003473    .0068258
         l_task_outsource |    .017021   .0136333     1.25   0.212    -.0097447    .0437866
                cap_labor |    .000719   .0139696     0.05   0.959     -.026707     .028145
                skill_int |   .1037621   .0603256     1.72   0.086    -.0146727    .2221969
             fem_lf_share |  -.3923941   .3393175    -1.16   0.248    -1.058562    .2737743
            l_sh_popedu_c |   .0008411   .0010133     0.83   0.407    -.0011483    .0028306
                 yeardum1 |          0  (omitted)
                 yeardum2 |          0  (omitted)
                 yeardum3 |   .1196092   .1925845     0.62   0.535    -.2584841    .4977026
                 yeardum4 |          0  (omitted)
    reg_year_reg_midatl_3 |   .0333164   .0094908     3.51   0.000     .0146836    .0519492
    reg_year_reg_midatl_4 |  -.0017572   .0110557    -0.16   0.874    -.0234624     .019948
     reg_year_reg_encen_3 |   .0771225   .0096284     8.01   0.000     .0582193    .0960256
     reg_year_reg_encen_4 |  -.0440512   .0117234    -3.76   0.000    -.0670673   -.0210352
     reg_year_reg_wncen_3 |   .0951881     .01131     8.42   0.000     .0729836    .1173926
     reg_year_reg_wncen_4 |  -.0254286   .0086862    -2.93   0.004     -.042482   -.0083753
      reg_year_reg_satl_3 |    .077424   .0127271     6.08   0.000     .0524375    .1024105
      reg_year_reg_satl_4 |   .0277396   .0207603     1.34   0.182    -.0130182    .0684975
     reg_year_reg_escen_3 |     .10398   .0089711    11.59   0.000     .0863674    .1215926
     reg_year_reg_escen_4 |  -.0085089   .0186317    -0.46   0.648    -.0450876    .0280699
     reg_year_reg_wscen_3 |   .1108548   .0099735    11.11   0.000     .0912743    .1304354
     reg_year_reg_wscen_4 |  -.0130586   .0189013    -0.69   0.490    -.0501668    .0240497
     reg_year_reg_mount_3 |   .2103816   .0146466    14.36   0.000     .1816264    .2391367
     reg_year_reg_mount_4 |  -.0615869   .0154509    -3.99   0.000    -.0919211   -.0312527
     reg_year_reg_pacif_3 |   .0344613   .0263105     1.31   0.191     -.017193    .0861156
     reg_year_reg_pacif_4 |  -.0124554   .0205105    -0.61   0.544    -.0527228     .027812
                    _cons |  -.1181218   .1908242    -0.62   0.536    -.4927592    .2565156
-------------------------------------------------------------------------------------------
(est4 stored)

. estadd local YFE "Y"

added macro:
                e(YFE) : "Y"

. esttab using "$outdir/Table_1a", replace se starlevels(* .1 ** 0.05 *** 0.01) r2 label ///
>         compress title("Import Competition and 10-year Changes in Log CZ Population (aged 15-64), Census"
> ) booktabs b(3) se(3) varwidth(20) ///
>         keep(ntr_gap `demo_controls' l10_cz_pop_* debt_to_income break_estimate neighbor_fx l_sh_routine3
> 3 l_task_outsource cap_labor skill_int l_sh_popedu_c fem_lf_share) scalars("YFE Region-Year FE")
(output written to F:\GitHub\LaborIIreplicatation\Result/Table_1a.tex)

. eststo clear

. 
. eststo clear

. eststo: reg cz_pop_1534_10_change ntr_gap l10_cz_pop_1534_10_change yeardum* reg_year_* [aw = weight_cz_p
> op_1534_90] if year == 2000 | year == 2010, cluster(czone)
(sum of wgt is 158,056,378.00903)
note: yeardum1 omitted because of collinearity
note: yeardum2 omitted because of collinearity
note: yeardum4 omitted because of collinearity

Linear regression                               Number of obs     =      1,444
                                                F(19, 721)        =      91.13
                                                Prob > F          =     0.0000
                                                R-squared         =     0.6066
                                                Root MSE          =     .06936

                                             (Std. Err. adjusted for 722 clusters in czone)
-------------------------------------------------------------------------------------------
                          |               Robust
    cz_pop_1534_10_change |      Coef.   Std. Err.      t    P>|t|     [95% Conf. Interval]
--------------------------+----------------------------------------------------------------
                  ntr_gap |  -.5801487   .1259243    -4.61   0.000    -.8273708   -.3329266
l10_cz_pop_1534_10_change |   .3525908   .0462365     7.63   0.000     .2618165     .443365
                 yeardum1 |          0  (omitted)
                 yeardum2 |          0  (omitted)
                 yeardum3 |  -.2945472   .0235749   -12.49   0.000    -.3408308   -.2482636
                 yeardum4 |          0  (omitted)
    reg_year_reg_midatl_3 |   .0748584   .0223159     3.35   0.001     .0310465    .1186703
    reg_year_reg_midatl_4 |  -.0183848   .0162383    -1.13   0.258    -.0502648    .0134953
     reg_year_reg_encen_3 |   .1377709    .015961     8.63   0.000     .1064352    .1691065
     reg_year_reg_encen_4 |  -.0693442   .0151737    -4.57   0.000    -.0991341   -.0395543
     reg_year_reg_wncen_3 |   .1621499   .0171453     9.46   0.000     .1284892    .1958106
     reg_year_reg_wncen_4 |  -.0302873   .0133558    -2.27   0.024    -.0565082   -.0040664
      reg_year_reg_satl_3 |   .1478708   .0204113     7.24   0.000     .1077982    .1879435
      reg_year_reg_satl_4 |   .0205988   .0169885     1.21   0.226     -.012754    .0539517
     reg_year_reg_escen_3 |   .1790654   .0150625    11.89   0.000     .1494937     .208637
     reg_year_reg_escen_4 |  -.0394291   .0165791    -2.38   0.018    -.0719783     -.00688
     reg_year_reg_wscen_3 |   .2127566   .0164793    12.91   0.000     .1804034    .2451097
     reg_year_reg_wscen_4 |  -.0166108   .0300187    -0.55   0.580    -.0755453    .0423237
     reg_year_reg_mount_3 |   .3497643   .0225553    15.51   0.000     .3054824    .3940463
     reg_year_reg_mount_4 |  -.0191476   .0223183    -0.86   0.391    -.0629642     .024669
     reg_year_reg_pacif_3 |   .1261215   .0342581     3.68   0.000     .0588639    .1933791
     reg_year_reg_pacif_4 |   .0018162   .0200377     0.09   0.928    -.0375231    .0411554
                    _cons |   .1253795   .0148933     8.42   0.000       .09614    .1546189
-------------------------------------------------------------------------------------------
(est1 stored)

. estadd local YFE "Y"

added macro:
                e(YFE) : "Y"

. eststo: reg cz_pop_1534_10_change ntr_gap l10_cz_pop_1534_10_change `demo_controls' yeardum* reg_year_* [
> aw = weight_cz_pop_1534_90] if year == 2000 | year == 2010, cluster(czone)
(sum of wgt is 158,056,378.00903)
note: yeardum1 omitted because of collinearity
note: yeardum2 omitted because of collinearity
note: yeardum4 omitted because of collinearity

Linear regression                               Number of obs     =      1,444
                                                F(24, 721)        =      69.18
                                                Prob > F          =     0.0000
                                                R-squared         =     0.6193
                                                Root MSE          =     .06835

                                             (Std. Err. adjusted for 722 clusters in czone)
-------------------------------------------------------------------------------------------
                          |               Robust
    cz_pop_1534_10_change |      Coef.   Std. Err.      t    P>|t|     [95% Conf. Interval]
--------------------------+----------------------------------------------------------------
                  ntr_gap |  -.6820243   .1070388    -6.37   0.000    -.8921693   -.4718793
l10_cz_pop_1534_10_change |   .3435419   .0442329     7.77   0.000     .2567013    .4303826
           hispanic_share |   .0872569    .056391     1.55   0.122    -.0234532     .197967
            under25_share |   .2606702   .1546691     1.69   0.092    -.0429855    .5643259
              black_share |  -.1569689   .0795431    -1.97   0.049    -.3131327   -.0008051
              amind_share |   -.189351   .0860967    -2.20   0.028    -.3583812   -.0203208
              asian_share |  -.2277772   .3069618    -0.74   0.458     -.830423    .3748686
                 yeardum1 |          0  (omitted)
                 yeardum2 |          0  (omitted)
                 yeardum3 |  -.2186868   .0595911    -3.67   0.000    -.3356797   -.1016939
                 yeardum4 |          0  (omitted)
    reg_year_reg_midatl_3 |    .074462   .0224871     3.31   0.001      .030314      .11861
    reg_year_reg_midatl_4 |  -.0051517   .0163469    -0.32   0.753     -.037245    .0269415
     reg_year_reg_encen_3 |   .1368455    .016083     8.51   0.000     .1052704    .1684206
     reg_year_reg_encen_4 |  -.0636166   .0153632    -4.14   0.000    -.0937786   -.0334545
     reg_year_reg_wncen_3 |   .1613111   .0170738     9.45   0.000     .1277909    .1948314
     reg_year_reg_wncen_4 |   -.032567   .0149482    -2.18   0.030    -.0619143   -.0032197
      reg_year_reg_satl_3 |    .148612   .0203906     7.29   0.000       .10858     .188644
      reg_year_reg_satl_4 |   .0444526   .0219858     2.02   0.044     .0012888    .0876165
     reg_year_reg_escen_3 |   .1785093   .0150791    11.84   0.000     .1489051    .2081135
     reg_year_reg_escen_4 |  -.0191886   .0206431    -0.93   0.353    -.0597164    .0213391
     reg_year_reg_wscen_3 |   .2130405   .0165727    12.85   0.000     .1805039     .245577
     reg_year_reg_wscen_4 |  -.0232895   .0282401    -0.82   0.410    -.0787321    .0321532
     reg_year_reg_mount_3 |   .3500724   .0226475    15.46   0.000     .3056096    .3945353
     reg_year_reg_mount_4 |  -.0355574   .0242079    -1.47   0.142    -.0830839     .011969
     reg_year_reg_pacif_3 |   .1271482   .0341131     3.73   0.000     .0601754    .1941209
     reg_year_reg_pacif_4 |  -.0003468   .0226742    -0.02   0.988    -.0448622    .0441685
                    _cons |   .0495972   .0559174     0.89   0.375    -.0601832    .1593776
-------------------------------------------------------------------------------------------
(est2 stored)

. estadd local YFE "Y"

added macro:
                e(YFE) : "Y"

. eststo: reg cz_pop_1534_10_change ntr_gap l10_cz_pop_1534_10_change `demo_controls' neighbor_fx l_sh_rout
> ine33 l_task_outsource cap_labor skill_int fem_lf_share l_sh_popedu_c yeardum* reg_year_* [aw = weight_cz
> _pop_1534_90] if year == 2000 | year == 2010, cluster(czone)
(sum of wgt is 158,056,378.00903)
note: yeardum1 omitted because of collinearity
note: yeardum2 omitted because of collinearity
note: yeardum4 omitted because of collinearity

Linear regression                               Number of obs     =      1,444
                                                F(31, 721)        =      74.24
                                                Prob > F          =     0.0000
                                                R-squared         =     0.6338
                                                Root MSE          =     .06721

                                             (Std. Err. adjusted for 722 clusters in czone)
-------------------------------------------------------------------------------------------
                          |               Robust
    cz_pop_1534_10_change |      Coef.   Std. Err.      t    P>|t|     [95% Conf. Interval]
--------------------------+----------------------------------------------------------------
                  ntr_gap |  -.4211895   .1930087    -2.18   0.029    -.8001156   -.0422634
l10_cz_pop_1534_10_change |   .3306244   .0474198     6.97   0.000      .237527    .4237218
           hispanic_share |   .0814828   .0615712     1.32   0.186    -.0393974     .202363
            under25_share |   .3966993   .1718925     2.31   0.021     .0592297    .7341688
              black_share |   -.171328   .0653448    -2.62   0.009    -.2996168   -.0430392
              amind_share |  -.0889858   .0951059    -0.94   0.350    -.2757033    .0977317
              asian_share |   -.827243   .2428243    -3.41   0.001     -1.30397   -.3505159
              neighbor_fx |  -.3192781   .4216584    -0.76   0.449    -1.147103    .5085468
           l_sh_routine33 |   .0028803   .0022845     1.26   0.208    -.0016049    .0073654
         l_task_outsource |   .0014726   .0194778     0.08   0.940    -.0367673    .0397126
                cap_labor |  -.0071452   .0165956    -0.43   0.667    -.0397267    .0254363
                skill_int |   .1688675   .0858487     1.97   0.050     .0003241    .3374108
             fem_lf_share |  -.0986728   .3988458    -0.25   0.805    -.8817107    .6843651
            l_sh_popedu_c |    .001707   .0010785     1.58   0.114    -.0004103    .0038244
                 yeardum1 |          0  (omitted)
                 yeardum2 |          0  (omitted)
                 yeardum3 |  -.0167151    .230697    -0.07   0.942    -.4696332    .4362031
                 yeardum4 |          0  (omitted)
    reg_year_reg_midatl_3 |   .0738961   .0227122     3.25   0.001     .0293062     .118486
    reg_year_reg_midatl_4 |   .0179623   .0162984     1.10   0.271    -.0140357    .0499602
     reg_year_reg_encen_3 |   .1355244   .0162378     8.35   0.000     .1036454    .1674035
     reg_year_reg_encen_4 |  -.0443268   .0168709    -2.63   0.009    -.0774487   -.0112049
     reg_year_reg_wncen_3 |   .1601138   .0170878     9.37   0.000      .126566    .1936615
     reg_year_reg_wncen_4 |  -.0234049   .0143243    -1.63   0.103    -.0515272    .0047174
      reg_year_reg_satl_3 |   .1496701   .0203948     7.34   0.000     .1096299    .1897104
      reg_year_reg_satl_4 |   .0754977   .0219732     3.44   0.001     .0323585    .1186369
     reg_year_reg_escen_3 |   .1777156   .0152058    11.69   0.000     .1478627    .2075684
     reg_year_reg_escen_4 |   .0235902   .0238158     0.99   0.322    -.0231663    .0703467
     reg_year_reg_wscen_3 |   .2134458   .0166864    12.79   0.000      .180686    .2462055
     reg_year_reg_wscen_4 |  -.0025031   .0260332    -0.10   0.923    -.0536131    .0486069
     reg_year_reg_mount_3 |   .3505123   .0227448    15.41   0.000     .3058584    .3951662
     reg_year_reg_mount_4 |  -.0436954   .0287994    -1.52   0.130    -.1002362    .0128454
     reg_year_reg_pacif_3 |   .1286138   .0338071     3.80   0.000     .0622416     .194986
     reg_year_reg_pacif_4 |   .0281887   .0280756     1.00   0.316     -.026931    .0833084
                    _cons |  -.1522631    .229215    -0.66   0.507    -.6022717    .2977455
-------------------------------------------------------------------------------------------
(est3 stored)

. estadd local YFE "Y"

added macro:
                e(YFE) : "Y"

. eststo: reg cz_pop_1534_10_change ntr_gap l10_cz_pop_1534_10_change `demo_controls' debt_to_income break_
> estimate  neighbor_fx l_sh_routine33 l_task_outsource cap_labor skill_int fem_lf_share l_sh_popedu_c year
> dum* reg_year_* [aw = weight_cz_pop_1534_90] if year == 2000 | year == 2010, cluster(czone)
(sum of wgt is 157,610,935.29041)
note: yeardum1 omitted because of collinearity
note: yeardum2 omitted because of collinearity
note: yeardum3 omitted because of collinearity

Linear regression                               Number of obs     =      1,322
                                                F(33, 721)        =      57.15
                                                Prob > F          =     0.0000
                                                R-squared         =     0.6407
                                                Root MSE          =     .06673

                                             (Std. Err. adjusted for 722 clusters in czone)
-------------------------------------------------------------------------------------------
                          |               Robust
    cz_pop_1534_10_change |      Coef.   Std. Err.      t    P>|t|     [95% Conf. Interval]
--------------------------+----------------------------------------------------------------
                  ntr_gap |  -.3988123   .1851528    -2.15   0.032    -.7623153   -.0353092
l10_cz_pop_1534_10_change |   .3231306   .0473988     6.82   0.000     .2300743    .4161868
           hispanic_share |   .0677292   .0639681     1.06   0.290    -.0578567    .1933152
            under25_share |   .4245709   .1716611     2.47   0.014     .0875556    .7615863
              black_share |  -.1812061   .0615756    -2.94   0.003    -.3020949   -.0603172
              amind_share |      -.084   .0905385    -0.93   0.354    -.2617505    .0937506
              asian_share |  -.7824783   .2381436    -3.29   0.001    -1.250016   -.3149405
           debt_to_income |   .0521564   .0353503     1.48   0.141    -.0172454    .1215583
           break_estimate |   .2244947   .0878241     2.56   0.011     .0520731    .3969163
              neighbor_fx |  -.0873255   .3882285    -0.22   0.822    -.8495188    .6748678
           l_sh_routine33 |   .0016256   .0024625     0.66   0.509    -.0032089    .0064601
         l_task_outsource |   .0061987   .0195145     0.32   0.751    -.0321133    .0445108
                cap_labor |  -.0071474   .0178591    -0.40   0.689    -.0422094    .0279145
                skill_int |   .1780625   .0886874     2.01   0.045     .0039461    .3521788
             fem_lf_share |   -.116853   .4440092    -0.26   0.792    -.9885584    .7548524
            l_sh_popedu_c |   .0015392   .0011867     1.30   0.195    -.0007906     .003869
                 yeardum1 |          0  (omitted)
                 yeardum2 |          0  (omitted)
                 yeardum3 |          0  (omitted)
                 yeardum4 |  -.0044139    .252211    -0.02   0.986    -.4995695    .4907418
    reg_year_reg_midatl_3 |   .0735678   .0228493     3.22   0.001     .0287088    .1184269
    reg_year_reg_midatl_4 |   .0091179   .0143436     0.64   0.525    -.0190422     .037278
     reg_year_reg_encen_3 |   .1347581   .0163199     8.26   0.000     .1027178    .1667983
     reg_year_reg_encen_4 |  -.0540273   .0157441    -3.43   0.001    -.0849369   -.0231176
     reg_year_reg_wncen_3 |   .1594192   .0170516     9.35   0.000     .1259425    .1928958
     reg_year_reg_wncen_4 |  -.0280722   .0123517    -2.27   0.023    -.0523219   -.0038226
      reg_year_reg_satl_3 |    .150284   .0204851     7.34   0.000     .1100664    .1905015
      reg_year_reg_satl_4 |   .0369023   .0266561     1.38   0.167    -.0154306    .0892352
     reg_year_reg_escen_3 |   .1772551   .0152505    11.62   0.000     .1473143    .2071959
     reg_year_reg_escen_4 |  -.0024268   .0244888    -0.10   0.921    -.0505046     .045651
     reg_year_reg_wscen_3 |   .2136809    .016793    12.72   0.000     .1807119    .2466498
     reg_year_reg_wscen_4 |  -.0084596   .0260824    -0.32   0.746    -.0596661    .0427469
     reg_year_reg_mount_3 |   .3507675   .0228946    15.32   0.000     .3058195    .3957154
     reg_year_reg_mount_4 |  -.0845283   .0251814    -3.36   0.001    -.1339659   -.0350908
     reg_year_reg_pacif_3 |   .1294641    .033731     3.84   0.000     .0632413    .1956868
     reg_year_reg_pacif_4 |  -.0225543   .0300376    -0.75   0.453    -.0815259    .0364173
                    _cons |  -.1689135   .0109403   -15.44   0.000    -.1903921   -.1474349
-------------------------------------------------------------------------------------------
(est4 stored)

. estadd local YFE "Y"

added macro:
                e(YFE) : "Y"

. esttab using "$outdir/Table_1b", replace se starlevels(* .1 ** 0.05 *** 0.01) r2 label ///
>         compress title("Import Competition and 10-year Changes in Log CZ Population (aged 15-34), Census"
> ) booktabs b(3) se(3) varwidth(20) ///
>         keep(ntr_gap `demo_controls' l10_cz_pop_* debt_to_income break_estimate neighbor_fx l_sh_routine3
> 3 l_task_outsource cap_labor skill_int l_sh_popedu_c fem_lf_share) scalars("YFE Region-Year FE")
(output written to F:\GitHub\LaborIIreplicatation\Result/Table_1b.tex)

. eststo clear

. 
. 
. ********************************************************************************
. *Table A1***********************************************************************
. ********************************************************************************
. eststo clear

. eststo: reg cz_pop_1564_10_change ntr_kovak l10_cz_pop_1564_10_change yeardum* reg_year_* [aw = weight_cz
> _pop_1564_90] if year == 2000 | year == 2010, cluster(czone)
(sum of wgt is 324,938,117.95715)
note: yeardum1 omitted because of collinearity
note: yeardum2 omitted because of collinearity
note: yeardum4 omitted because of collinearity

Linear regression                               Number of obs     =      1,444
                                                F(19, 721)        =     100.79
                                                Prob > F          =     0.0000
                                                R-squared         =     0.6773
                                                Root MSE          =     .04991

                                             (Std. Err. adjusted for 722 clusters in czone)
-------------------------------------------------------------------------------------------
                          |               Robust
    cz_pop_1564_10_change |      Coef.   Std. Err.      t    P>|t|     [95% Conf. Interval]
--------------------------+----------------------------------------------------------------
                ntr_kovak |  -.0825173   .0660673    -1.25   0.212    -.2122246      .04719
l10_cz_pop_1564_10_change |   .5526395     .03708    14.90   0.000     .4798417    .6254372
                 yeardum1 |          0  (omitted)
                 yeardum2 |          0  (omitted)
                 yeardum3 |  -.0550534   .0178502    -3.08   0.002     -.090098   -.0200089
                 yeardum4 |          0  (omitted)
    reg_year_reg_midatl_3 |   .0351891   .0092946     3.79   0.000     .0169414    .0534368
    reg_year_reg_midatl_4 |  -.0109149   .0119947    -0.91   0.363    -.0344637    .0126339
     reg_year_reg_encen_3 |   .0797306   .0093745     8.51   0.000     .0613261    .0981351
     reg_year_reg_encen_4 |  -.0430788   .0099739    -4.32   0.000    -.0626602   -.0234975
     reg_year_reg_wncen_3 |   .0971866    .011426     8.51   0.000     .0747544    .1196189
     reg_year_reg_wncen_4 |   -.025638   .0097558    -2.63   0.009    -.0447912   -.0064849
      reg_year_reg_satl_3 |   .0741919   .0125558     5.91   0.000     .0495415    .0988423
      reg_year_reg_satl_4 |    .012108   .0115144     1.05   0.293    -.0104978    .0347137
     reg_year_reg_escen_3 |    .105019   .0087498    12.00   0.000     .0878408    .1221971
     reg_year_reg_escen_4 |  -.0284072   .0115266    -2.46   0.014    -.0510369   -.0057775
     reg_year_reg_wscen_3 |   .1091235   .0097053    11.24   0.000     .0900694    .1281776
     reg_year_reg_wscen_4 |  -.0089693   .0238341    -0.38   0.707    -.0557619    .0378233
     reg_year_reg_mount_3 |   .2071068   .0146247    14.16   0.000     .1783948    .2358188
     reg_year_reg_mount_4 |   -.026751   .0152922    -1.75   0.081    -.0567736    .0032716
     reg_year_reg_pacif_3 |   .0303629   .0262567     1.16   0.248    -.0211859    .0819116
     reg_year_reg_pacif_4 |   .0039231   .0175619     0.22   0.823    -.0305554    .0384016
                    _cons |   .0538902   .0143513     3.76   0.000     .0257148    .0820656
-------------------------------------------------------------------------------------------
(est1 stored)

. estadd local YFE "Y"

added macro:
                e(YFE) : "Y"

. eststo: reg cz_pop_1564_10_change ntr_kovak l10_cz_pop_1564_10_change `demo_controls' yeardum* reg_year_*
> [aw = weight_cz_pop_1564_90] if year == 2000 | year == 2010, cluster(czone)
(sum of wgt is 324,938,117.95715)
note: yeardum1 omitted because of collinearity
note: yeardum2 omitted because of collinearity
note: yeardum4 omitted because of collinearity

Linear regression                               Number of obs     =      1,444
                                                F(24, 721)        =      77.48
                                                Prob > F          =     0.0000
                                                R-squared         =     0.6919
                                                Root MSE          =     .04885

                                             (Std. Err. adjusted for 722 clusters in czone)
-------------------------------------------------------------------------------------------
                          |               Robust
    cz_pop_1564_10_change |      Coef.   Std. Err.      t    P>|t|     [95% Conf. Interval]
--------------------------+----------------------------------------------------------------
                ntr_kovak |  -.1226604   .0555302    -2.21   0.027    -.2316807   -.0136401
l10_cz_pop_1564_10_change |    .545082    .033947    16.06   0.000     .4784352    .6117287
           hispanic_share |   .0843994   .0452365     1.87   0.062    -.0044116    .1732103
            under25_share |   .3300467   .1126769     2.93   0.004     .1088327    .5512606
              black_share |  -.1143095   .0658395    -1.74   0.083    -.2435696    .0149505
              amind_share |  -.2053749   .0582435    -3.53   0.000     -.319722   -.0910277
              asian_share |   .0428352   .2375953     0.18   0.857    -.4236259    .5092964
                 yeardum1 |          0  (omitted)
                 yeardum2 |          0  (omitted)
                 yeardum3 |   .0498792   .0445713     1.12   0.263    -.0376258    .1373842
                 yeardum4 |          0  (omitted)
    reg_year_reg_midatl_3 |   .0347723   .0092814     3.75   0.000     .0165504    .0529941
    reg_year_reg_midatl_4 |  -.0044911   .0133934    -0.34   0.737    -.0307857    .0218036
     reg_year_reg_encen_3 |   .0791501   .0093899     8.43   0.000     .0607152    .0975849
     reg_year_reg_encen_4 |  -.0418307   .0115775    -3.61   0.000    -.0645603   -.0191011
     reg_year_reg_wncen_3 |   .0967418   .0113679     8.51   0.000     .0744237    .1190598
     reg_year_reg_wncen_4 |    -.02822   .0118767    -2.38   0.018    -.0515371   -.0049029
      reg_year_reg_satl_3 |   .0749113   .0124915     6.00   0.000     .0503873    .0994353
      reg_year_reg_satl_4 |   .0284239   .0166111     1.71   0.087    -.0041879    .0610358
     reg_year_reg_escen_3 |   .1047877   .0087801    11.93   0.000     .0875501    .1220253
     reg_year_reg_escen_4 |  -.0151526   .0157346    -0.96   0.336    -.0460437    .0157385
     reg_year_reg_wscen_3 |   .1095088   .0097481    11.23   0.000     .0903708    .1286469
     reg_year_reg_wscen_4 |   -.021756   .0223359    -0.97   0.330    -.0656073    .0220953
     reg_year_reg_mount_3 |   .2078357   .0145537    14.28   0.000     .1792631    .2364083
     reg_year_reg_mount_4 |  -.0444149   .0172728    -2.57   0.010    -.0783259    -.010504
     reg_year_reg_pacif_3 |   .0312751   .0263296     1.19   0.235    -.0204166    .0829669
     reg_year_reg_pacif_4 |  -.0185855   .0177016    -1.05   0.294    -.0533384    .0161674
                    _cons |  -.0504524   .0427554    -1.18   0.238    -.1343923    .0334874
-------------------------------------------------------------------------------------------
(est2 stored)

. estadd local YFE "Y"

added macro:
                e(YFE) : "Y"

. eststo: reg cz_pop_1564_10_change ntr_kovak l10_cz_pop_1564_10_change `demo_controls' neighbor_fx l_sh_ro
> utine33 l_task_outsource cap_labor skill_int fem_lf_share l_sh_popedu_c yeardum* reg_year_* [aw = weight_
> cz_pop_1564_90] if year == 2000 | year == 2010, cluster(czone)
(sum of wgt is 324,938,117.95715)
note: yeardum1 omitted because of collinearity
note: yeardum2 omitted because of collinearity
note: yeardum4 omitted because of collinearity

Linear regression                               Number of obs     =      1,444
                                                F(31, 721)        =      79.75
                                                Prob > F          =     0.0000
                                                R-squared         =     0.7070
                                                Root MSE          =     .04776

                                             (Std. Err. adjusted for 722 clusters in czone)
-------------------------------------------------------------------------------------------
                          |               Robust
    cz_pop_1564_10_change |      Coef.   Std. Err.      t    P>|t|     [95% Conf. Interval]
--------------------------+----------------------------------------------------------------
                ntr_kovak |  -.0553225   .0921999    -0.60   0.549    -.2363349    .1256898
l10_cz_pop_1564_10_change |   .5262553   .0350762    15.00   0.000     .4573916    .5951189
           hispanic_share |   .0753135   .0473519     1.59   0.112    -.0176506    .1682777
            under25_share |   .3949827     .11696     3.38   0.001     .1653599    .6246054
              black_share |  -.1411061   .0511682    -2.76   0.006    -.2415625   -.0406497
              amind_share |  -.1011672   .0675994    -1.50   0.135    -.2338824     .031548
              asian_share |  -.4929229   .1791142    -2.75   0.006    -.8445705   -.1412753
              neighbor_fx |    .035283   .3018311     0.12   0.907    -.5572898    .6278557
           l_sh_routine33 |   .0034278   .0018267     1.88   0.061    -.0001585    .0070142
         l_task_outsource |   .0114695   .0132098     0.87   0.386    -.0144648    .0374038
                cap_labor |   .0021256   .0125304     0.17   0.865    -.0224749     .026726
                skill_int |   .1029608   .0601278     1.71   0.087    -.0150856    .2210073
             fem_lf_share |  -.3732765   .2978674    -1.25   0.211    -.9580675    .2115144
            l_sh_popedu_c |   .0011047   .0009299     1.19   0.235     -.000721    .0029305
                 yeardum1 |          0  (omitted)
                 yeardum2 |          0  (omitted)
                 yeardum3 |   .1193268   .1608954     0.74   0.459    -.1965526    .4352062
                 yeardum4 |          0  (omitted)
    reg_year_reg_midatl_3 |   .0337339   .0094177     3.58   0.000     .0152444    .0522233
    reg_year_reg_midatl_4 |   .0077534   .0126967     0.61   0.542    -.0171736    .0326803
     reg_year_reg_encen_3 |   .0777039   .0095135     8.17   0.000     .0590264    .0963813
     reg_year_reg_encen_4 |  -.0365457   .0128321    -2.85   0.005    -.0617383    -.011353
     reg_year_reg_wncen_3 |   .0956336   .0112994     8.46   0.000       .07345    .1178172
     reg_year_reg_wncen_4 |  -.0200717   .0100374    -2.00   0.046    -.0397776   -.0003657
      reg_year_reg_satl_3 |   .0767035   .0126218     6.08   0.000     .0519235    .1014834
      reg_year_reg_satl_4 |   .0485195   .0166667     2.91   0.004     .0157985    .0812406
     reg_year_reg_escen_3 |   .1042116   .0089042    11.70   0.000     .0867303     .121693
     reg_year_reg_escen_4 |   .0081925   .0183422     0.45   0.655     -.027818    .0442031
     reg_year_reg_wscen_3 |   .1104689   .0098681    11.19   0.000     .0910952    .1298426
     reg_year_reg_wscen_4 |  -.0082881   .0181755    -0.46   0.649    -.0439712    .0273951
     reg_year_reg_mount_3 |   .2096515   .0144563    14.50   0.000     .1812702    .2380329
     reg_year_reg_mount_4 |  -.0439299   .0183623    -2.39   0.017    -.0799798   -.0078801
     reg_year_reg_pacif_3 |   .0335477      .0263     1.28   0.203    -.0180861    .0851814
     reg_year_reg_pacif_4 |   .0077435   .0208881     0.37   0.711    -.0332652    .0487523
                    _cons |  -.1184303   .1591978    -0.74   0.457    -.4309769    .1941164
-------------------------------------------------------------------------------------------
(est3 stored)

. estadd local YFE "Y"

added macro:
                e(YFE) : "Y"

. eststo: reg cz_pop_1564_10_change ntr_kovak l10_cz_pop_1564_10_change `demo_controls' debt_to_income brea
> k_estimate  neighbor_fx l_sh_routine33 l_task_outsource cap_labor skill_int fem_lf_share l_sh_popedu_c ye
> ardum* reg_year_* [aw = weight_cz_pop_1564_90] if year == 2000 | year == 2010, cluster(czone)
(sum of wgt is 323,973,988.53961)
note: yeardum1 omitted because of collinearity
note: yeardum2 omitted because of collinearity
note: yeardum4 omitted because of collinearity

Linear regression                               Number of obs     =      1,322
                                                F(33, 721)        =      80.38
                                                Prob > F          =     0.0000
                                                R-squared         =     0.7100
                                                Root MSE          =     .04756

                                             (Std. Err. adjusted for 722 clusters in czone)
-------------------------------------------------------------------------------------------
                          |               Robust
    cz_pop_1564_10_change |      Coef.   Std. Err.      t    P>|t|     [95% Conf. Interval]
--------------------------+----------------------------------------------------------------
                ntr_kovak |  -.0558599   .0888971    -0.63   0.530    -.2303881    .1186682
l10_cz_pop_1564_10_change |   .5201125   .0377569    13.78   0.000     .4459859    .5942391
           hispanic_share |    .069118    .051239     1.35   0.178    -.0314774    .1697134
            under25_share |   .4084518   .1254316     3.26   0.001     .1621971    .6547065
              black_share |  -.1483098   .0474248    -3.13   0.002     -.241417   -.0552027
              amind_share |  -.1069677   .0679767    -1.57   0.116    -.2404236    .0264882
              asian_share |  -.4834173   .1741872    -2.78   0.006    -.8253921   -.1414425
           debt_to_income |   .0201505   .0300841     0.67   0.503    -.0389125    .0792134
           break_estimate |   .1461047    .061443     2.38   0.018     .0254763    .2667332
              neighbor_fx |   .2087704   .2850937     0.73   0.464    -.3509426    .7684835
           l_sh_routine33 |   .0031228   .0018726     1.67   0.096    -.0005537    .0067992
         l_task_outsource |    .013937   .0136525     1.02   0.308    -.0128664    .0407403
                cap_labor |   .0024841   .0135608     0.18   0.855    -.0241393    .0291075
                skill_int |   .1091742   .0612058     1.78   0.075    -.0109887    .2293372
             fem_lf_share |  -.3853829   .3441157    -1.12   0.263    -1.060971    .2902056
            l_sh_popedu_c |   .0010692   .0010687     1.00   0.317     -.001029    .0031673
                 yeardum1 |          0  (omitted)
                 yeardum2 |          0  (omitted)
                 yeardum3 |   .1381691    .189821     0.73   0.467    -.2344988     .510837
                 yeardum4 |          0  (omitted)
    reg_year_reg_midatl_3 |   .0333951   .0094908     3.52   0.000     .0147622    .0520279
    reg_year_reg_midatl_4 |   .0001597   .0111646     0.01   0.989    -.0217593    .0220787
     reg_year_reg_encen_3 |    .077232   .0096287     8.02   0.000     .0583284    .0961356
     reg_year_reg_encen_4 |  -.0431614   .0123613    -3.49   0.001    -.0674298    -.018893
     reg_year_reg_wncen_3 |   .0952721    .011322     8.41   0.000     .0730439    .1175002
     reg_year_reg_wncen_4 |  -.0242053   .0086924    -2.78   0.005    -.0412707   -.0071399
      reg_year_reg_satl_3 |   .0772882   .0127122     6.08   0.000     .0523309    .1022455
      reg_year_reg_satl_4 |   .0274898   .0214125     1.28   0.200    -.0145485    .0695281
     reg_year_reg_escen_3 |   .1040237   .0089662    11.60   0.000     .0864208    .1216266
     reg_year_reg_escen_4 |  -.0078104   .0195301    -0.40   0.689    -.0461531    .0305323
     reg_year_reg_wscen_3 |   .1107821   .0099707    11.11   0.000      .091207    .1303572
     reg_year_reg_wscen_4 |  -.0127587   .0184697    -0.69   0.490    -.0490194    .0235021
     reg_year_reg_mount_3 |    .210244   .0146262    14.37   0.000      .181529     .238959
     reg_year_reg_mount_4 |  -.0639618   .0149945    -4.27   0.000    -.0933998   -.0345238
     reg_year_reg_pacif_3 |   .0342892   .0263407     1.30   0.193    -.0174245    .0860028
     reg_year_reg_pacif_4 |  -.0155817   .0201963    -0.77   0.441    -.0552323    .0240689
                    _cons |   -.136793   .1880386    -0.73   0.467    -.5059616    .2323756
-------------------------------------------------------------------------------------------
(est4 stored)

. estadd local YFE "Y"

added macro:
                e(YFE) : "Y"

. esttab using "$outdir/Table_A1a", replace se starlevels(* .1 ** 0.05 *** 0.01) r2 label ///
>         compress title("Import Competition Following Kovak (2013)") booktabs b(3) se(3) varwidth(20) ///
>         keep(ntr_kovak `demo_controls' l10_cz_pop_* debt_to_income break_estimate neighbor_fx l_sh_routin
> e33 l_task_outsource cap_labor skill_int l_sh_popedu_c fem_lf_share) scalars("YFE Region-Year FE")
(note: file F:\GitHub\LaborIIreplicatation\Result/Table_A1a.tex not found)
(output written to F:\GitHub\LaborIIreplicatation\Result/Table_A1a.tex)

. eststo clear

. 
. 
. eststo: reg cz_pop_1534_10_change ntr_kovak l10_cz_pop_1534_10_change yeardum* reg_year_* [aw = weight_cz
> _pop_1534_90] if year == 2000 | year == 2010, cluster(czone)
(sum of wgt is 158,056,378.00903)
note: yeardum1 omitted because of collinearity
note: yeardum2 omitted because of collinearity
note: yeardum4 omitted because of collinearity

Linear regression                               Number of obs     =      1,444
                                                F(19, 721)        =      90.04
                                                Prob > F          =     0.0000
                                                R-squared         =     0.6045
                                                Root MSE          =     .06955

                                             (Std. Err. adjusted for 722 clusters in czone)
-------------------------------------------------------------------------------------------
                          |               Robust
    cz_pop_1534_10_change |      Coef.   Std. Err.      t    P>|t|     [95% Conf. Interval]
--------------------------+----------------------------------------------------------------
                ntr_kovak |  -.2972498   .0824954    -3.60   0.000    -.4592097   -.1352898
l10_cz_pop_1534_10_change |   .3531205    .046176     7.65   0.000     .2624651    .4437759
                 yeardum1 |          0  (omitted)
                 yeardum2 |          0  (omitted)
                 yeardum3 |  -.3054686   .0252277   -12.11   0.000    -.3549971   -.2559401
                 yeardum4 |          0  (omitted)
    reg_year_reg_midatl_3 |   .0748816   .0222981     3.36   0.001     .0311047    .1186585
    reg_year_reg_midatl_4 |  -.0175997   .0163604    -1.08   0.282    -.0497195      .01452
     reg_year_reg_encen_3 |   .1378251   .0159595     8.64   0.000     .1064924    .1691577
     reg_year_reg_encen_4 |    -.07174   .0148504    -4.83   0.000    -.1008951   -.0425848
     reg_year_reg_wncen_3 |    .162199   .0171494     9.46   0.000     .1285303    .1958678
     reg_year_reg_wncen_4 |   -.030075   .0129935    -2.31   0.021    -.0555845   -.0045655
      reg_year_reg_satl_3 |   .1478274   .0204025     7.25   0.000      .107772    .1878829
      reg_year_reg_satl_4 |    .017829   .0163901     1.09   0.277     -.014349    .0500069
     reg_year_reg_escen_3 |   .1790979   .0150661    11.89   0.000     .1495192    .2086766
     reg_year_reg_escen_4 |  -.0434326   .0164851    -2.63   0.009    -.0757972    -.011068
     reg_year_reg_wscen_3 |   .2127399   .0164775    12.91   0.000     .1803904    .2450895
     reg_year_reg_wscen_4 |  -.0167842    .029539    -0.57   0.570     -.074777    .0412085
     reg_year_reg_mount_3 |   .3497463    .022552    15.51   0.000     .3054708    .3940218
     reg_year_reg_mount_4 |  -.0210385   .0222264    -0.95   0.344    -.0646747    .0225978
     reg_year_reg_pacif_3 |   .1260614   .0342764     3.68   0.000     .0587679    .1933548
     reg_year_reg_pacif_4 |  -.0014699   .0196144    -0.07   0.940    -.0399781    .0370384
                    _cons |   .1362963    .017598     7.74   0.000     .1017469    .1708458
-------------------------------------------------------------------------------------------
(est1 stored)

. estadd local YFE "Y"

added macro:
                e(YFE) : "Y"

. eststo: reg cz_pop_1534_10_change ntr_kovak l10_cz_pop_1534_10_change `demo_controls' yeardum* reg_year_*
>  [aw = weight_cz_pop_1534_90] if year == 2000 | year == 2010, cluster(czone)
(sum of wgt is 158,056,378.00903)
note: yeardum1 omitted because of collinearity
note: yeardum2 omitted because of collinearity
note: yeardum4 omitted because of collinearity

Linear regression                               Number of obs     =      1,444
                                                F(24, 721)        =      68.01
                                                Prob > F          =     0.0000
                                                R-squared         =     0.6177
                                                Root MSE          =      .0685

                                             (Std. Err. adjusted for 722 clusters in czone)
-------------------------------------------------------------------------------------------
                          |               Robust
    cz_pop_1534_10_change |      Coef.   Std. Err.      t    P>|t|     [95% Conf. Interval]
--------------------------+----------------------------------------------------------------
                ntr_kovak |   -.366988   .0700322    -5.24   0.000    -.5044793   -.2294967
l10_cz_pop_1534_10_change |   .3439701   .0441988     7.78   0.000     .2571963    .4307439
           hispanic_share |   .0897666   .0548515     1.64   0.102     -.017921    .1974543
            under25_share |   .2602372   .1513104     1.72   0.086    -.0368244    .5572988
              black_share |  -.1551779   .0794394    -1.95   0.051     -.311138    .0007822
              amind_share |   -.194017   .0868618    -2.23   0.026    -.3645492   -.0234848
              asian_share |  -.2790565   .2991407    -0.93   0.351    -.8663472    .3082343
                 yeardum1 |          0  (omitted)
                 yeardum2 |          0  (omitted)
                 yeardum3 |  -.2352879   .0589316    -3.99   0.000    -.3509859     -.11959
                 yeardum4 |          0  (omitted)
    reg_year_reg_midatl_3 |   .0744807   .0224685     3.31   0.001     .0303693    .1185922
    reg_year_reg_midatl_4 |  -.0041639    .016072    -0.26   0.796    -.0357175    .0273897
     reg_year_reg_encen_3 |   .1368893   .0160829     8.51   0.000     .1053145    .1684641
     reg_year_reg_encen_4 |  -.0667023   .0149951    -4.45   0.000    -.0961415   -.0372631
     reg_year_reg_wncen_3 |   .1613508   .0170772     9.45   0.000     .1278239    .1948778
     reg_year_reg_wncen_4 |  -.0329369   .0145261    -2.27   0.024    -.0614554   -.0044183
      reg_year_reg_satl_3 |    .148577   .0203853     7.29   0.000     .1085553    .1885987
      reg_year_reg_satl_4 |   .0404289   .0214554     1.88   0.060    -.0016936    .0825515
     reg_year_reg_escen_3 |   .1785356   .0150835    11.84   0.000     .1489228    .2081484
     reg_year_reg_escen_4 |   -.024163   .0202809    -1.19   0.234    -.0639797    .0156537
     reg_year_reg_wscen_3 |    .213027   .0165738    12.85   0.000     .1804883    .2455658
     reg_year_reg_wscen_4 |  -.0246341   .0278612    -0.88   0.377    -.0793328    .0300646
     reg_year_reg_mount_3 |   .3500579   .0226457    15.46   0.000     .3055985    .3945172
     reg_year_reg_mount_4 |  -.0388983    .023968    -1.62   0.105    -.0859537    .0081571
     reg_year_reg_pacif_3 |   .1270996   .0341279     3.72   0.000     .0600977    .1941015
     reg_year_reg_pacif_4 |  -.0017102   .0223235    -0.08   0.939    -.0455371    .0421167
                    _cons |   .0661946   .0553724     1.20   0.232    -.0425158     .174905
-------------------------------------------------------------------------------------------
(est2 stored)

. estadd local YFE "Y"

added macro:
                e(YFE) : "Y"

. eststo: reg cz_pop_1534_10_change ntr_kovak l10_cz_pop_1534_10_change `demo_controls' neighbor_fx l_sh_ro
> utine33 l_task_outsource cap_labor skill_int fem_lf_share l_sh_popedu_c yeardum* reg_year_* [aw = weight_
> cz_pop_1534_90] if year == 2000 | year == 2010, cluster(czone)
(sum of wgt is 158,056,378.00903)
note: yeardum1 omitted because of collinearity
note: yeardum2 omitted because of collinearity
note: yeardum4 omitted because of collinearity

Linear regression                               Number of obs     =      1,444
                                                F(31, 721)        =      74.98
                                                Prob > F          =     0.0000
                                                R-squared         =     0.6326
                                                Root MSE          =     .06731

                                             (Std. Err. adjusted for 722 clusters in czone)
-------------------------------------------------------------------------------------------
                          |               Robust
    cz_pop_1534_10_change |      Coef.   Std. Err.      t    P>|t|     [95% Conf. Interval]
--------------------------+----------------------------------------------------------------
                ntr_kovak |  -.1882311   .1184588    -1.59   0.112    -.4207965    .0443343
l10_cz_pop_1534_10_change |   .3325139   .0476111     6.98   0.000      .239041    .4259868
           hispanic_share |   .0928499   .0609103     1.52   0.128    -.0267327    .2124326
            under25_share |   .3791122   .1689952     2.24   0.025     .0473309    .7108936
              black_share |  -.1624613   .0629147    -2.58   0.010    -.2859793   -.0389433
              amind_share |  -.0864521   .0968756    -0.89   0.372     -.276644    .1037398
              asian_share |  -.8475887   .2468228    -3.43   0.001    -1.332166   -.3630116
              neighbor_fx |  -.3504968   .4218376    -0.83   0.406    -1.178674      .47768
           l_sh_routine33 |   .0028244   .0023328     1.21   0.226    -.0017554    .0074042
         l_task_outsource |  -.0034117    .019153    -0.18   0.859     -.041014    .0341906
                cap_labor |  -.0051785   .0163357    -0.32   0.751    -.0372498    .0268928
                skill_int |   .1755566   .0865821     2.03   0.043     .0055734    .3455398
             fem_lf_share |   -.084694   .4033858    -0.21   0.834    -.8766451    .7072572
            l_sh_popedu_c |   .0019995   .0011058     1.81   0.071    -.0001715    .0041705
                 yeardum1 |          0  (omitted)
                 yeardum2 |          0  (omitted)
                 yeardum3 |   .0017017   .2299449     0.01   0.994    -.4497399    .4531433
                 yeardum4 |          0  (omitted)
    reg_year_reg_midatl_3 |   .0739789   .0226924     3.26   0.001     .0294279    .1185299
    reg_year_reg_midatl_4 |   .0200709   .0162056     1.24   0.216    -.0117449    .0518867
     reg_year_reg_encen_3 |   .1357177   .0162307     8.36   0.000     .1038525    .1675828
     reg_year_reg_encen_4 |  -.0443131   .0171204    -2.59   0.010    -.0779249   -.0107013
     reg_year_reg_wncen_3 |   .1602889   .0171069     9.37   0.000     .1267037    .1938741
     reg_year_reg_wncen_4 |  -.0223359   .0140962    -1.58   0.114    -.0500104    .0053385
      reg_year_reg_satl_3 |   .1495154   .0203898     7.33   0.000     .1094849    .1895458
      reg_year_reg_satl_4 |   .0744699   .0224202     3.32   0.001     .0304533    .1184865
     reg_year_reg_escen_3 |   .1778317   .0152042    11.70   0.000     .1479819    .2076814
     reg_year_reg_escen_4 |   .0230731   .0246157     0.94   0.349    -.0252539    .0714001
     reg_year_reg_wscen_3 |   .2133865    .016677    12.80   0.000     .1806452    .2461278
     reg_year_reg_wscen_4 |  -.0029251   .0256076    -0.11   0.909    -.0531995    .0473494
     reg_year_reg_mount_3 |    .350448   .0227246    15.42   0.000     .3058337    .3950622
     reg_year_reg_mount_4 |  -.0463822   .0282916    -1.64   0.102    -.1019259    .0091615
     reg_year_reg_pacif_3 |   .1283994   .0338649     3.79   0.000     .0619139    .1948849
     reg_year_reg_pacif_4 |   .0261075   .0279035     0.94   0.350    -.0286744    .0808893
                    _cons |  -.1706962   .2284868    -0.75   0.455    -.6192752    .2778828
-------------------------------------------------------------------------------------------
(est3 stored)

. estadd local YFE "Y"

added macro:
                e(YFE) : "Y"

. eststo: reg cz_pop_1534_10_change ntr_kovak l10_cz_pop_1534_10_change `demo_controls' debt_to_income brea
> k_estimate  neighbor_fx l_sh_routine33 l_task_outsource cap_labor skill_int fem_lf_share l_sh_popedu_c ye
> ardum* reg_year_* [aw = weight_cz_pop_1534_90] if year == 2000 | year == 2010, cluster(czone)
(sum of wgt is 157,610,935.29041)
note: yeardum1 omitted because of collinearity
note: yeardum2 omitted because of collinearity
note: yeardum3 omitted because of collinearity

Linear regression                               Number of obs     =      1,322
                                                F(33, 721)        =      57.59
                                                Prob > F          =     0.0000
                                                R-squared         =     0.6398
                                                Root MSE          =     .06681

                                             (Std. Err. adjusted for 722 clusters in czone)
-------------------------------------------------------------------------------------------
                          |               Robust
    cz_pop_1534_10_change |      Coef.   Std. Err.      t    P>|t|     [95% Conf. Interval]
--------------------------+----------------------------------------------------------------
                ntr_kovak |  -.1826824   .1154696    -1.58   0.114    -.4093792    .0440144
l10_cz_pop_1534_10_change |   .3246418   .0476285     6.82   0.000     .2311347    .4181489
           hispanic_share |   .0772927    .063885     1.21   0.227    -.0481302    .2027156
            under25_share |   .4130834    .170205     2.43   0.015     .0789267    .7472401
              black_share |  -.1744028   .0589585    -2.96   0.003    -.2901535    -.058652
              amind_share |  -.0822004   .0927807    -0.89   0.376     -.264353    .0999521
              asian_share |  -.7970602   .2411761    -3.30   0.001    -1.270551   -.3235689
           debt_to_income |   .0550331   .0350157     1.57   0.116    -.0137118    .1237779
           break_estimate |   .2267922   .0870682     2.60   0.009     .0558548    .3977296
              neighbor_fx |  -.1121156   .3900494    -0.29   0.774    -.8778838    .6536526
           l_sh_routine33 |     .00153   .0024908     0.61   0.539    -.0033602    .0064202
         l_task_outsource |   .0018779   .0193553     0.10   0.923    -.0361216    .0398774
                cap_labor |   -.005227    .017511    -0.30   0.765    -.0396056    .0291517
                skill_int |   .1832631   .0894545     2.05   0.041     .0076406    .3588856
             fem_lf_share |  -.0968365   .4493163    -0.22   0.829     -.978961    .7852881
            l_sh_popedu_c |   .0017775   .0012398     1.43   0.152    -.0006564    .0042115
                 yeardum1 |          0  (omitted)
                 yeardum2 |          0  (omitted)
                 yeardum3 |          0  (omitted)
                 yeardum4 |  -.0258427   .2500442    -0.10   0.918    -.5167445     .465059
    reg_year_reg_midatl_3 |    .073634   .0228331     3.22   0.001     .0288068    .1184613
    reg_year_reg_midatl_4 |   .0111828   .0143129     0.78   0.435    -.0169173    .0392828
     reg_year_reg_encen_3 |   .1349126   .0163164     8.27   0.000     .1028793     .166946
     reg_year_reg_encen_4 |  -.0543583   .0162285    -3.35   0.001     -.086219   -.0224977
     reg_year_reg_wncen_3 |   .1595592   .0170684     9.35   0.000     .1260496    .1930689
     reg_year_reg_wncen_4 |  -.0273292   .0122291    -2.23   0.026     -.051338   -.0033203
      reg_year_reg_satl_3 |   .1501602   .0204832     7.33   0.000     .1099464     .190374
      reg_year_reg_satl_4 |   .0347638   .0272171     1.28   0.202    -.0186705    .0881981
     reg_year_reg_escen_3 |    .177348   .0152489    11.63   0.000     .1474104    .2072856
     reg_year_reg_escen_4 |  -.0035049   .0254403    -0.14   0.890    -.0534508     .046441
     reg_year_reg_wscen_3 |   .2136335   .0167862    12.73   0.000     .1806778    .2465891
     reg_year_reg_wscen_4 |  -.0089299   .0256821    -0.35   0.728    -.0593506    .0414908
     reg_year_reg_mount_3 |    .350716   .0228797    15.33   0.000     .3057972    .3956348
     reg_year_reg_mount_4 |  -.0885053   .0244792    -3.62   0.000    -.1365642   -.0404463
     reg_year_reg_pacif_3 |   .1292926   .0337762     3.83   0.000     .0629812     .195604
     reg_year_reg_pacif_4 |   -.026494   .0295274    -0.90   0.370     -.084464     .031476
                    _cons |  -.1689265   .0109403   -15.44   0.000    -.1904051   -.1474479
-------------------------------------------------------------------------------------------
(est4 stored)

. estadd local YFE "Y"

added macro:
                e(YFE) : "Y"

. esttab using "$outdir/Table_A1b", replace se starlevels(* .1 ** 0.05 *** 0.01) r2 label ///
>         compress title("Import Competition Following Kovak (2013)") booktabs b(3) se(3) varwidth(20) ///
>         keep(ntr_kovak `demo_controls' l10_cz_pop_* debt_to_income break_estimate neighbor_fx l_sh_routin
> e33 l_task_outsource cap_labor skill_int l_sh_popedu_c fem_lf_share) scalars("YFE Region-Year FE")
(note: file F:\GitHub\LaborIIreplicatation\Result/Table_A1b.tex not found)
(output written to F:\GitHub\LaborIIreplicatation\Result/Table_A1b.tex)

. eststo clear

. 
. 
. 
. log close
      name:  <unnamed>
       log:  F:\GitHub\LaborIIreplicatation\Log\Census Analysis.log
  log type:  text
 closed on:  16 Dec 2019, 12:24:47
-----------------------------------------------------------------------------------------------------------
